#
# A fatal error has been detected by the Java Runtime Environment:
#
#  EXCEPTION_ACCESS_VIOLATION (0xc0000005) at pc=0x00007ffc334b5051, pid=7264, tid=12372
#
# JRE version: Java(TM) SE Runtime Environment 18.9 (11.0.8+10) (build 11.0.8+10-LTS)
# Java VM: Java HotSpot(TM) 64-Bit Server VM 18.9 (11.0.8+10-LTS, mixed mode, tiered, compressed oops, g1 gc, windows-amd64)
# Problematic frame:
# V  [jvm.dll+0x235051]
#
# No core dump will be written. Minidumps are not enabled by default on client versions of Windows
#
# If you would like to submit a bug report, please visit:
#   https://bugreport.java.com/bugreport/crash.jsp
#

---------------  S U M M A R Y ------------

Command Line: -XX:TieredStopAtLevel=1 -Xverify:none -Dspring.output.ansi.enabled=always -javaagent:C:\Users\snate\AppData\Local\JetBrains\Toolbox\apps\IDEA-U\ch-0\211.7142.45\lib\idea_rt.jar=49761:C:\Users\snate\AppData\Local\JetBrains\Toolbox\apps\IDEA-U\ch-0\211.7142.45\bin -Dcom.sun.management.jmxremote -Dspring.jmx.enabled=true -Dspring.liveBeansView.mbeanDomain -Dspring.application.admin.enabled=true -Dfile.encoding=UTF-8 application.Kursach2Application

Host: Intel(R) Core(TM) i7-10700K CPU @ 3.80GHz, 16 cores, 15G,  Windows 10 , 64 bit Build 19041 (10.0.19041.928)
Time: Sun May  2 23:56:00 2021 RTZ 2 (????) elapsed time: 1 seconds (0d 0h 0m 1s)

---------------  T H R E A D  ---------------

Current thread (0x000001a37da12800):  GCTaskThread "GC Thread#2" [stack: 0x0000008235400000,0x0000008235500000] [id=12372]

Stack: [0x0000008235400000,0x0000008235500000],  sp=0x00000082354ff880,  free space=1022k
Native frames: (J=compiled Java code, j=interpreted, Vv=VM code, C=native code)
V  [jvm.dll+0x235051]
V  [jvm.dll+0x2d4578]
V  [jvm.dll+0x2d86a2]
V  [jvm.dll+0x7644f0]
V  [jvm.dll+0x6f845c]
V  [jvm.dll+0x600d66]
C  [ucrtbase.dll+0x21bb2]
C  [KERNEL32.DLL+0x17034]
C  [ntdll.dll+0x52651]


siginfo: EXCEPTION_ACCESS_VIOLATION (0xc0000005), reading address 0x000000000000000d


Register to memory mapping:

RIP=0x00007ffc334b5051 jvm.dll
RAX=0x000000000000001a is an unknown value
RBX=0x0000000000000005 is an unknown value
RCX=0x000000000000000d is an unknown value
RDX=0x000001a3575debf0 points into unknown readable memory: 37 04 00 00 00 00 00 00
RSP=0x00000082354ff880 points into unknown readable memory: 54 b4 40 02 07 00 00 00
RBP=0x00000082354ff900 points into unknown readable memory: 00 00 00 00 00 00 00 00
RSI=0x0000000000000003 is an unknown value
RDI=0x000001a355470120 points into unknown readable memory: c8 8c ab 33 fc 7f 00 00
R8 =0x0 is NULL
R9 =0x0000000000000028 is an unknown value
R10=0x0000000000000020 is an unknown value
R11=0x00000082354ff900 points into unknown readable memory: 00 00 00 00 00 00 00 00
R12=0x00000082354ff970 points into unknown readable memory: d1 72 42 02 07 00 00 00
R13=0x0 is NULL
R14=0x000001a37e2cab68 points into unknown readable memory: 57 2f 99 58 03 00 00 00
R15=0x000000000000000b is an unknown value


Registers:
RAX=0x000000000000001a, RBX=0x0000000000000005, RCX=0x000000000000000d, RDX=0x000001a3575debf0
RSP=0x00000082354ff880, RBP=0x00000082354ff900, RSI=0x0000000000000003, RDI=0x000001a355470120
R8 =0x0000000000000000, R9 =0x0000000000000028, R10=0x0000000000000020, R11=0x00000082354ff900
R12=0x00000082354ff970, R13=0x0000000000000000, R14=0x000001a37e2cab68, R15=0x000000000000000b
RIP=0x00007ffc334b5051, EFLAGS=0x0000000000010283

Top of Stack: (sp=0x00000082354ff880)
0x00000082354ff880:   000000070240b454 0000000000000004
0x00000082354ff890:   0000000000000015 000000070da16030
0x00000082354ff8a0:   00000016000035d6 00007ffc33577b29
0x00000082354ff8b0:   00000016000035d0 0000062a0000041b
0x00000082354ff8c0:   000000070240b458 00000016000035d0
0x00000082354ff8d0:   00000016000035d1 00000016000035d5
0x00000082354ff8e0:   00000016000035d6 00007ffc33551d68
0x00000082354ff8f0:   000001a355470120 0000000000000000
0x00000082354ff900:   0000000000000000 000001a37c53d130
0x00000082354ff910:   00000000000003d8 000001a37c53d140
0x00000082354ff920:   00000082354ff9e0 00007ffc33554578
0x00000082354ff930:   00000016000035d1 00000007024272b4
0x00000082354ff940:   000001a355470120 000001a37e2ca9d0
0x00000082354ff950:   000001a37e2ca9d0 000001a37c53d130
0x00000082354ff960:   0000000000000003 00007ffc335586a2
0x00000082354ff970:   00000007024272d1 000001a37baf45b0 

Instructions: (pc=0x00007ffc334b5051)
0x00007ffc334b5031:   00 45 33 ed 48 8b f9 8b 49 08 4d 8b e1 4d 8b f0
0x00007ffc334b5041:   8b f2 45 8b fd 8d 04 09 85 c0 0f 84 fb 01 00 00
0x00007ffc334b5051:   83 f9 02 0f 86 58 01 00 00 66 0f 1f 44 00 00 49
0x00007ffc334b5061:   8b ce e8 18 4a 4a 00 33 d2 f7 77 08 8b da 3b d6 


Stack slot to memory mapping:
stack at sp + 0 slots: 0x000000070240b454 is pointing into object: [Ljava.time.format.DateTimeFormatterBuilder$SettingsParser; 
{0x000000070240b438} - klass: 'java/time/format/DateTimeFormatterBuilder$SettingsParser'[]
 - length: 4
stack at sp + 1 slots: 0x0000000000000004 is an unknown value
stack at sp + 2 slots: 0x0000000000000015 is an unknown value
stack at sp + 3 slots: 0x000000070da16030 is an oop: java.time.format.DateTimeFormatterBuilder$OffsetIdPrinterParser 
{0x000000070da16030} - klass: 'java/time/format/DateTimeFormatterBuilder$OffsetIdPrinterParser'
stack at sp + 4 slots: 0x00000016000035d6 is an unknown value
stack at sp + 5 slots: 0x00007ffc33577b29 jvm.dll
stack at sp + 6 slots: 0x00000016000035d0 is an unknown value
stack at sp + 7 slots: 0x0000062a0000041b is an unknown value


---------------  P R O C E S S  ---------------

Threads class SMR info:
_java_thread_list=0x000001a37e1e6e10, length=11, elements={
0x000001a3575ca000, 0x000001a37c3a5000, 0x000001a37c3af000, 0x000001a37c3fb800,
0x000001a37c3fc800, 0x000001a37c3fe000, 0x000001a37c401800, 0x000001a37c380800,
0x000001a37c6fe000, 0x000001a37cc23800, 0x000001a37cd96000
}

Java Threads: ( => current thread )
  0x000001a3575ca000 JavaThread "main" [_thread_blocked, id=11124, stack(0x0000008234100000,0x0000008234200000)]
  0x000001a37c3a5000 JavaThread "Reference Handler" daemon [_thread_blocked, id=14444, stack(0x0000008234800000,0x0000008234900000)]
  0x000001a37c3af000 JavaThread "Finalizer" daemon [_thread_blocked, id=10152, stack(0x0000008234900000,0x0000008234a00000)]
  0x000001a37c3fb800 JavaThread "Signal Dispatcher" daemon [_thread_blocked, id=5860, stack(0x0000008234a00000,0x0000008234b00000)]
  0x000001a37c3fc800 JavaThread "Attach Listener" daemon [_thread_blocked, id=7160, stack(0x0000008234b00000,0x0000008234c00000)]
  0x000001a37c3fe000 JavaThread "C1 CompilerThread0" daemon [_thread_blocked, id=12716, stack(0x0000008234c00000,0x0000008234d00000)]
  0x000001a37c401800 JavaThread "Sweeper thread" daemon [_thread_blocked, id=9940, stack(0x0000008234d00000,0x0000008234e00000)]
  0x000001a37c380800 JavaThread "Common-Cleaner" daemon [_thread_blocked, id=3792, stack(0x0000008234e00000,0x0000008234f00000)]
  0x000001a37c6fe000 JavaThread "Monitor Ctrl-Break" daemon [_thread_in_native, id=13412, stack(0x0000008234f00000,0x0000008235000000)]
  0x000001a37cc23800 JavaThread "Service Thread" daemon [_thread_blocked, id=6716, stack(0x0000008235000000,0x0000008235100000)]
  0x000001a37cd96000 JavaThread "RMI TCP Accept-0" daemon [_thread_in_native, id=3680, stack(0x0000008235100000,0x0000008235200000)]

Other Threads:
  0x000001a37baf6800 VMThread "VM Thread" [stack: 0x0000008234700000,0x0000008234800000] [id=13240]
  0x000001a37cdaf000 WatcherThread [stack: 0x0000008235200000,0x0000008235300000] [id=11808]
  0x000001a3575e0000 GCTaskThread "GC Thread#0" [stack: 0x0000008234200000,0x0000008234300000] [id=8164]
  0x000001a37da12000 GCTaskThread "GC Thread#1" [stack: 0x0000008235300000,0x0000008235400000] [id=15300]
=>0x000001a37da12800 GCTaskThread "GC Thread#2" [stack: 0x0000008235400000,0x0000008235500000] [id=12372]
  0x000001a37da7d000 GCTaskThread "GC Thread#3" [stack: 0x0000008235500000,0x0000008235600000] [id=10440]
  0x000001a37da7d800 GCTaskThread "GC Thread#4" [stack: 0x0000008235600000,0x0000008235700000] [id=12016]
  0x000001a37da94800 GCTaskThread "GC Thread#5" [stack: 0x0000008235700000,0x0000008235800000] [id=7956]
  0x000001a35763e800 ConcurrentGCThread "G1 Main Marker" [stack: 0x0000008234300000,0x0000008234400000] [id=14412]
  0x000001a357641000 ConcurrentGCThread "G1 Conc#0" [stack: 0x0000008234400000,0x0000008234500000] [id=7284]
  0x000001a37db73800 ConcurrentGCThread "G1 Conc#1" [stack: 0x0000008235900000,0x0000008235a00000] [id=11488]
  0x000001a37dac2800 ConcurrentGCThread "G1 Conc#2" [stack: 0x0000008235a00000,0x0000008235b00000] [id=15312]
  0x000001a37b9d7000 ConcurrentGCThread "G1 Refine#0" [stack: 0x0000008234500000,0x0000008234600000] [id=14736]
  0x000001a37b9d9000 ConcurrentGCThread "G1 Young RemSet Sampling" [stack: 0x0000008234600000,0x0000008234700000] [id=14372]

Threads with active compile tasks:
C1 CompilerThread0   1119 3096       1       org.springframework.core.ResolvableType$WildcardBounds::get (134 bytes)

VM state:at safepoint (normal execution)

VM Mutex/Monitor currently owned by a thread:  ([mutex/lock_event])
[0x000001a3575c6630] Threads_lock - owner thread: 0x000001a37baf6800
[0x000001a3575c7050] Heap_lock - owner thread: 0x000001a3575ca000

Heap address: 0x0000000701a00000, size: 4070 MB, Compressed Oops mode: Zero based, Oop shift amount: 3
Narrow klass base: 0x0000000800000000, Narrow klass shift: 0
Compressed class space size: 1073741824 Address: 0x0000000800000000

Heap:
 garbage-first heap   total 262144K, used 84866K [0x0000000701a00000, 0x0000000800000000)
  region size 1024K, 75 young (76800K), 6 survivors (6144K)
 Metaspace       used 31447K, capacity 32271K, committed 32432K, reserved 1077248K
  class space    used 3774K, capacity 4087K, committed 4096K, reserved 1048576K
Heap Regions: E=young(eden), S=young(survivor), O=old, HS=humongous(starts), HC=humongous(continues), CS=collection set, F=free, A=archive, TAMS=top-at-mark-start (previous, next)
|   0|0x0000000701a00000, 0x0000000701b00000, 0x0000000701b00000|100%|HS|  |TAMS 0x0000000701b00000, 0x0000000701a00000| Complete 
|   1|0x0000000701b00000, 0x0000000701c00000, 0x0000000701c00000|100%| O|  |TAMS 0x0000000701c00000, 0x0000000701b00000| Untracked 
|   2|0x0000000701c00000, 0x0000000701d00000, 0x0000000701d00000|100%| O|  |TAMS 0x0000000701d00000, 0x0000000701c00000| Untracked 
|   3|0x0000000701d00000, 0x0000000701e00000, 0x0000000701e00000|100%| O|  |TAMS 0x0000000701e00000, 0x0000000701d00000| Untracked 
|   4|0x0000000701e00000, 0x0000000701f00000, 0x0000000701f00000|100%| O|  |TAMS 0x0000000701f00000, 0x0000000701e00000| Untracked 
|   5|0x0000000701f00000, 0x0000000702000000, 0x0000000702000000|100%| O|  |TAMS 0x0000000701f4a000, 0x0000000701f00000| Untracked 
|   6|0x0000000702000000, 0x0000000702100000, 0x0000000702100000|100%| O|  |TAMS 0x0000000702000000, 0x0000000702000000| Untracked 
|   7|0x0000000702100000, 0x0000000702200000, 0x0000000702200000|100%| O|  |TAMS 0x0000000702100000, 0x0000000702100000| Untracked 
|   8|0x0000000702200000, 0x0000000702300000, 0x0000000702300000|100%| O|  |TAMS 0x0000000702200000, 0x0000000702200000| Untracked 
|   9|0x0000000702300000, 0x0000000702400000, 0x0000000702400000|100%| O|  |TAMS 0x0000000702300000, 0x0000000702300000| Untracked 
|  10|0x0000000702400000, 0x0000000702431088, 0x0000000702500000| 19%| O|  |TAMS 0x0000000702400000, 0x0000000702400000| Untracked 
|  11|0x0000000702500000, 0x0000000702500000, 0x0000000702600000|  0%| F|  |TAMS 0x0000000702500000, 0x0000000702500000| Untracked 
|  12|0x0000000702600000, 0x0000000702600000, 0x0000000702700000|  0%| F|  |TAMS 0x0000000702600000, 0x0000000702600000| Untracked 
|  13|0x0000000702700000, 0x0000000702700000, 0x0000000702800000|  0%| F|  |TAMS 0x0000000702700000, 0x0000000702700000| Untracked 
|  14|0x0000000702800000, 0x0000000702800000, 0x0000000702900000|  0%| F|  |TAMS 0x0000000702800000, 0x0000000702800000| Untracked 
|  15|0x0000000702900000, 0x0000000702900000, 0x0000000702a00000|  0%| F|  |TAMS 0x0000000702900000, 0x0000000702900000| Untracked 
|  16|0x0000000702a00000, 0x0000000702a00000, 0x0000000702b00000|  0%| F|  |TAMS 0x0000000702a00000, 0x0000000702a00000| Untracked 
|  17|0x0000000702b00000, 0x0000000702b00000, 0x0000000702c00000|  0%| F|  |TAMS 0x0000000702b00000, 0x0000000702b00000| Untracked 
|  18|0x0000000702c00000, 0x0000000702c00000, 0x0000000702d00000|  0%| F|  |TAMS 0x0000000702c00000, 0x0000000702c00000| Untracked 
|  19|0x0000000702d00000, 0x0000000702d00000, 0x0000000702e00000|  0%| F|  |TAMS 0x0000000702d00000, 0x0000000702d00000| Untracked 
|  20|0x0000000702e00000, 0x0000000702e00000, 0x0000000702f00000|  0%| F|  |TAMS 0x0000000702e00000, 0x0000000702e00000| Untracked 
|  21|0x0000000702f00000, 0x0000000702f00000, 0x0000000703000000|  0%| F|  |TAMS 0x0000000702f00000, 0x0000000702f00000| Untracked 
|  22|0x0000000703000000, 0x0000000703000000, 0x0000000703100000|  0%| F|  |TAMS 0x0000000703000000, 0x0000000703000000| Untracked 
|  23|0x0000000703100000, 0x0000000703100000, 0x0000000703200000|  0%| F|  |TAMS 0x0000000703100000, 0x0000000703100000| Untracked 
|  24|0x0000000703200000, 0x0000000703200000, 0x0000000703300000|  0%| F|  |TAMS 0x0000000703200000, 0x0000000703200000| Untracked 
|  25|0x0000000703300000, 0x0000000703300000, 0x0000000703400000|  0%| F|  |TAMS 0x0000000703300000, 0x0000000703300000| Untracked 
|  26|0x0000000703400000, 0x0000000703400000, 0x0000000703500000|  0%| F|  |TAMS 0x0000000703400000, 0x0000000703400000| Untracked 
|  27|0x0000000703500000, 0x0000000703500000, 0x0000000703600000|  0%| F|  |TAMS 0x0000000703500000, 0x0000000703500000| Untracked 
|  28|0x0000000703600000, 0x0000000703600000, 0x0000000703700000|  0%| F|  |TAMS 0x0000000703600000, 0x0000000703600000| Untracked 
|  29|0x0000000703700000, 0x0000000703700000, 0x0000000703800000|  0%| F|  |TAMS 0x0000000703700000, 0x0000000703700000| Untracked 
|  30|0x0000000703800000, 0x0000000703800000, 0x0000000703900000|  0%| F|  |TAMS 0x0000000703800000, 0x0000000703800000| Untracked 
|  31|0x0000000703900000, 0x0000000703900000, 0x0000000703a00000|  0%| F|  |TAMS 0x0000000703900000, 0x0000000703900000| Untracked 
|  32|0x0000000703a00000, 0x0000000703a00000, 0x0000000703b00000|  0%| F|  |TAMS 0x0000000703a00000, 0x0000000703a00000| Untracked 
|  33|0x0000000703b00000, 0x0000000703b00000, 0x0000000703c00000|  0%| F|  |TAMS 0x0000000703b00000, 0x0000000703b00000| Untracked 
|  34|0x0000000703c00000, 0x0000000703c00000, 0x0000000703d00000|  0%| F|  |TAMS 0x0000000703c00000, 0x0000000703c00000| Untracked 
|  35|0x0000000703d00000, 0x0000000703d00000, 0x0000000703e00000|  0%| F|  |TAMS 0x0000000703d00000, 0x0000000703d00000| Untracked 
|  36|0x0000000703e00000, 0x0000000703e00000, 0x0000000703f00000|  0%| F|  |TAMS 0x0000000703e00000, 0x0000000703e00000| Untracked 
|  37|0x0000000703f00000, 0x0000000703f00000, 0x0000000704000000|  0%| F|  |TAMS 0x0000000703f00000, 0x0000000703f00000| Untracked 
|  38|0x0000000704000000, 0x0000000704000000, 0x0000000704100000|  0%| F|  |TAMS 0x0000000704000000, 0x0000000704000000| Untracked 
|  39|0x0000000704100000, 0x0000000704100000, 0x0000000704200000|  0%| F|  |TAMS 0x0000000704100000, 0x0000000704100000| Untracked 
|  40|0x0000000704200000, 0x0000000704200000, 0x0000000704300000|  0%| F|  |TAMS 0x0000000704200000, 0x0000000704200000| Untracked 
|  41|0x0000000704300000, 0x0000000704300000, 0x0000000704400000|  0%| F|  |TAMS 0x0000000704300000, 0x0000000704300000| Untracked 
|  42|0x0000000704400000, 0x0000000704400000, 0x0000000704500000|  0%| F|  |TAMS 0x0000000704400000, 0x0000000704400000| Untracked 
|  43|0x0000000704500000, 0x0000000704500000, 0x0000000704600000|  0%| F|  |TAMS 0x0000000704500000, 0x0000000704500000| Untracked 
|  44|0x0000000704600000, 0x0000000704600000, 0x0000000704700000|  0%| F|  |TAMS 0x0000000704600000, 0x0000000704600000| Untracked 
|  45|0x0000000704700000, 0x0000000704700000, 0x0000000704800000|  0%| F|  |TAMS 0x0000000704700000, 0x0000000704700000| Untracked 
|  46|0x0000000704800000, 0x0000000704800000, 0x0000000704900000|  0%| F|  |TAMS 0x0000000704800000, 0x0000000704800000| Untracked 
|  47|0x0000000704900000, 0x0000000704900000, 0x0000000704a00000|  0%| F|  |TAMS 0x0000000704900000, 0x0000000704900000| Untracked 
|  48|0x0000000704a00000, 0x0000000704a00000, 0x0000000704b00000|  0%| F|  |TAMS 0x0000000704a00000, 0x0000000704a00000| Untracked 
|  49|0x0000000704b00000, 0x0000000704b00000, 0x0000000704c00000|  0%| F|  |TAMS 0x0000000704b00000, 0x0000000704b00000| Untracked 
|  50|0x0000000704c00000, 0x0000000704c00000, 0x0000000704d00000|  0%| F|  |TAMS 0x0000000704c00000, 0x0000000704c00000| Untracked 
|  51|0x0000000704d00000, 0x0000000704d00000, 0x0000000704e00000|  0%| F|  |TAMS 0x0000000704d00000, 0x0000000704d00000| Untracked 
|  52|0x0000000704e00000, 0x0000000704e00000, 0x0000000704f00000|  0%| F|  |TAMS 0x0000000704e00000, 0x0000000704e00000| Untracked 
|  53|0x0000000704f00000, 0x0000000704f00000, 0x0000000705000000|  0%| F|  |TAMS 0x0000000704f00000, 0x0000000704f00000| Untracked 
|  54|0x0000000705000000, 0x0000000705000000, 0x0000000705100000|  0%| F|  |TAMS 0x0000000705000000, 0x0000000705000000| Untracked 
|  55|0x0000000705100000, 0x0000000705100000, 0x0000000705200000|  0%| F|  |TAMS 0x0000000705100000, 0x0000000705100000| Untracked 
|  56|0x0000000705200000, 0x0000000705200000, 0x0000000705300000|  0%| F|  |TAMS 0x0000000705200000, 0x0000000705200000| Untracked 
|  57|0x0000000705300000, 0x0000000705300000, 0x0000000705400000|  0%| F|  |TAMS 0x0000000705300000, 0x0000000705300000| Untracked 
|  58|0x0000000705400000, 0x0000000705400000, 0x0000000705500000|  0%| F|  |TAMS 0x0000000705400000, 0x0000000705400000| Untracked 
|  59|0x0000000705500000, 0x0000000705500000, 0x0000000705600000|  0%| F|  |TAMS 0x0000000705500000, 0x0000000705500000| Untracked 
|  60|0x0000000705600000, 0x0000000705600000, 0x0000000705700000|  0%| F|  |TAMS 0x0000000705600000, 0x0000000705600000| Untracked 
|  61|0x0000000705700000, 0x0000000705700000, 0x0000000705800000|  0%| F|  |TAMS 0x0000000705700000, 0x0000000705700000| Untracked 
|  62|0x0000000705800000, 0x0000000705800000, 0x0000000705900000|  0%| F|  |TAMS 0x0000000705800000, 0x0000000705800000| Untracked 
|  63|0x0000000705900000, 0x0000000705900000, 0x0000000705a00000|  0%| F|  |TAMS 0x0000000705900000, 0x0000000705900000| Untracked 
|  64|0x0000000705a00000, 0x0000000705a00000, 0x0000000705b00000|  0%| F|  |TAMS 0x0000000705a00000, 0x0000000705a00000| Untracked 
|  65|0x0000000705b00000, 0x0000000705b00000, 0x0000000705c00000|  0%| F|  |TAMS 0x0000000705b00000, 0x0000000705b00000| Untracked 
|  66|0x0000000705c00000, 0x0000000705c00000, 0x0000000705d00000|  0%| F|  |TAMS 0x0000000705c00000, 0x0000000705c00000| Untracked 
|  67|0x0000000705d00000, 0x0000000705d00000, 0x0000000705e00000|  0%| F|  |TAMS 0x0000000705d00000, 0x0000000705d00000| Untracked 
|  68|0x0000000705e00000, 0x0000000705e00000, 0x0000000705f00000|  0%| F|  |TAMS 0x0000000705e00000, 0x0000000705e00000| Untracked 
|  69|0x0000000705f00000, 0x0000000705f00000, 0x0000000706000000|  0%| F|  |TAMS 0x0000000705f00000, 0x0000000705f00000| Untracked 
|  70|0x0000000706000000, 0x0000000706000000, 0x0000000706100000|  0%| F|  |TAMS 0x0000000706000000, 0x0000000706000000| Untracked 
|  71|0x0000000706100000, 0x0000000706100000, 0x0000000706200000|  0%| F|  |TAMS 0x0000000706100000, 0x0000000706100000| Untracked 
|  72|0x0000000706200000, 0x0000000706200000, 0x0000000706300000|  0%| F|  |TAMS 0x0000000706200000, 0x0000000706200000| Untracked 
|  73|0x0000000706300000, 0x0000000706300000, 0x0000000706400000|  0%| F|  |TAMS 0x0000000706300000, 0x0000000706300000| Untracked 
|  74|0x0000000706400000, 0x0000000706400000, 0x0000000706500000|  0%| F|  |TAMS 0x0000000706400000, 0x0000000706400000| Untracked 
|  75|0x0000000706500000, 0x0000000706500000, 0x0000000706600000|  0%| F|  |TAMS 0x0000000706500000, 0x0000000706500000| Untracked 
|  76|0x0000000706600000, 0x0000000706600000, 0x0000000706700000|  0%| F|  |TAMS 0x0000000706600000, 0x0000000706600000| Untracked 
|  77|0x0000000706700000, 0x0000000706700000, 0x0000000706800000|  0%| F|  |TAMS 0x0000000706700000, 0x0000000706700000| Untracked 
|  78|0x0000000706800000, 0x0000000706800000, 0x0000000706900000|  0%| F|  |TAMS 0x0000000706800000, 0x0000000706800000| Untracked 
|  79|0x0000000706900000, 0x0000000706900000, 0x0000000706a00000|  0%| F|  |TAMS 0x0000000706900000, 0x0000000706900000| Untracked 
|  80|0x0000000706a00000, 0x0000000706a00000, 0x0000000706b00000|  0%| F|  |TAMS 0x0000000706a00000, 0x0000000706a00000| Untracked 
|  81|0x0000000706b00000, 0x0000000706b00000, 0x0000000706c00000|  0%| F|  |TAMS 0x0000000706b00000, 0x0000000706b00000| Untracked 
|  82|0x0000000706c00000, 0x0000000706c00000, 0x0000000706d00000|  0%| F|  |TAMS 0x0000000706c00000, 0x0000000706c00000| Untracked 
|  83|0x0000000706d00000, 0x0000000706d00000, 0x0000000706e00000|  0%| F|  |TAMS 0x0000000706d00000, 0x0000000706d00000| Untracked 
|  84|0x0000000706e00000, 0x0000000706e00000, 0x0000000706f00000|  0%| F|  |TAMS 0x0000000706e00000, 0x0000000706e00000| Untracked 
|  85|0x0000000706f00000, 0x0000000706f00000, 0x0000000707000000|  0%| F|  |TAMS 0x0000000706f00000, 0x0000000706f00000| Untracked 
|  86|0x0000000707000000, 0x0000000707000000, 0x0000000707100000|  0%| F|  |TAMS 0x0000000707000000, 0x0000000707000000| Untracked 
|  87|0x0000000707100000, 0x0000000707100000, 0x0000000707200000|  0%| F|  |TAMS 0x0000000707100000, 0x0000000707100000| Untracked 
|  88|0x0000000707200000, 0x0000000707200000, 0x0000000707300000|  0%| F|  |TAMS 0x0000000707200000, 0x0000000707200000| Untracked 
|  89|0x0000000707300000, 0x0000000707300000, 0x0000000707400000|  0%| F|  |TAMS 0x0000000707300000, 0x0000000707300000| Untracked 
|  90|0x0000000707400000, 0x0000000707400000, 0x0000000707500000|  0%| F|  |TAMS 0x0000000707400000, 0x0000000707400000| Untracked 
|  91|0x0000000707500000, 0x0000000707500000, 0x0000000707600000|  0%| F|  |TAMS 0x0000000707500000, 0x0000000707500000| Untracked 
|  92|0x0000000707600000, 0x0000000707600000, 0x0000000707700000|  0%| F|  |TAMS 0x0000000707600000, 0x0000000707600000| Untracked 
|  93|0x0000000707700000, 0x0000000707700000, 0x0000000707800000|  0%| F|  |TAMS 0x0000000707700000, 0x0000000707700000| Untracked 
|  94|0x0000000707800000, 0x0000000707800000, 0x0000000707900000|  0%| F|  |TAMS 0x0000000707800000, 0x0000000707800000| Untracked 
|  95|0x0000000707900000, 0x0000000707900000, 0x0000000707a00000|  0%| F|  |TAMS 0x0000000707900000, 0x0000000707900000| Untracked 
|  96|0x0000000707a00000, 0x0000000707a00000, 0x0000000707b00000|  0%| F|  |TAMS 0x0000000707a00000, 0x0000000707a00000| Untracked 
|  97|0x0000000707b00000, 0x0000000707b00000, 0x0000000707c00000|  0%| F|  |TAMS 0x0000000707b00000, 0x0000000707b00000| Untracked 
|  98|0x0000000707c00000, 0x0000000707c00000, 0x0000000707d00000|  0%| F|  |TAMS 0x0000000707c00000, 0x0000000707c00000| Untracked 
|  99|0x0000000707d00000, 0x0000000707d00000, 0x0000000707e00000|  0%| F|  |TAMS 0x0000000707d00000, 0x0000000707d00000| Untracked 
| 100|0x0000000707e00000, 0x0000000707e00000, 0x0000000707f00000|  0%| F|  |TAMS 0x0000000707e00000, 0x0000000707e00000| Untracked 
| 101|0x0000000707f00000, 0x0000000707f00000, 0x0000000708000000|  0%| F|  |TAMS 0x0000000707f00000, 0x0000000707f00000| Untracked 
| 102|0x0000000708000000, 0x0000000708000000, 0x0000000708100000|  0%| F|  |TAMS 0x0000000708000000, 0x0000000708000000| Untracked 
| 103|0x0000000708100000, 0x0000000708100000, 0x0000000708200000|  0%| F|  |TAMS 0x0000000708100000, 0x0000000708100000| Untracked 
| 104|0x0000000708200000, 0x0000000708200000, 0x0000000708300000|  0%| F|  |TAMS 0x0000000708200000, 0x0000000708200000| Untracked 
| 105|0x0000000708300000, 0x0000000708300000, 0x0000000708400000|  0%| F|  |TAMS 0x0000000708300000, 0x0000000708300000| Untracked 
| 106|0x0000000708400000, 0x0000000708400000, 0x0000000708500000|  0%| F|  |TAMS 0x0000000708400000, 0x0000000708400000| Untracked 
| 107|0x0000000708500000, 0x0000000708500000, 0x0000000708600000|  0%| F|  |TAMS 0x0000000708500000, 0x0000000708500000| Untracked 
| 108|0x0000000708600000, 0x0000000708600000, 0x0000000708700000|  0%| F|  |TAMS 0x0000000708600000, 0x0000000708600000| Untracked 
| 109|0x0000000708700000, 0x0000000708700000, 0x0000000708800000|  0%| F|  |TAMS 0x0000000708700000, 0x0000000708700000| Untracked 
| 110|0x0000000708800000, 0x0000000708800000, 0x0000000708900000|  0%| F|  |TAMS 0x0000000708800000, 0x0000000708800000| Untracked 
| 111|0x0000000708900000, 0x0000000708900000, 0x0000000708a00000|  0%| F|  |TAMS 0x0000000708900000, 0x0000000708900000| Untracked 
| 112|0x0000000708a00000, 0x0000000708a00000, 0x0000000708b00000|  0%| F|  |TAMS 0x0000000708a00000, 0x0000000708a00000| Untracked 
| 113|0x0000000708b00000, 0x0000000708b00000, 0x0000000708c00000|  0%| F|  |TAMS 0x0000000708b00000, 0x0000000708b00000| Untracked 
| 114|0x0000000708c00000, 0x0000000708c00000, 0x0000000708d00000|  0%| F|  |TAMS 0x0000000708c00000, 0x0000000708c00000| Untracked 
| 115|0x0000000708d00000, 0x0000000708d00000, 0x0000000708e00000|  0%| F|  |TAMS 0x0000000708d00000, 0x0000000708d00000| Untracked 
| 116|0x0000000708e00000, 0x0000000708e00000, 0x0000000708f00000|  0%| F|  |TAMS 0x0000000708e00000, 0x0000000708e00000| Untracked 
| 117|0x0000000708f00000, 0x0000000708f00000, 0x0000000709000000|  0%| F|  |TAMS 0x0000000708f00000, 0x0000000708f00000| Untracked 
| 118|0x0000000709000000, 0x0000000709000000, 0x0000000709100000|  0%| F|  |TAMS 0x0000000709000000, 0x0000000709000000| Untracked 
| 119|0x0000000709100000, 0x0000000709100000, 0x0000000709200000|  0%| F|  |TAMS 0x0000000709100000, 0x0000000709100000| Untracked 
| 120|0x0000000709200000, 0x0000000709200000, 0x0000000709300000|  0%| F|  |TAMS 0x0000000709200000, 0x0000000709200000| Untracked 
| 121|0x0000000709300000, 0x0000000709300000, 0x0000000709400000|  0%| F|  |TAMS 0x0000000709300000, 0x0000000709300000| Untracked 
| 122|0x0000000709400000, 0x0000000709400000, 0x0000000709500000|  0%| F|  |TAMS 0x0000000709400000, 0x0000000709400000| Untracked 
| 123|0x0000000709500000, 0x0000000709500000, 0x0000000709600000|  0%| F|  |TAMS 0x0000000709500000, 0x0000000709500000| Untracked 
| 124|0x0000000709600000, 0x0000000709600000, 0x0000000709700000|  0%| F|  |TAMS 0x0000000709600000, 0x0000000709600000| Untracked 
| 125|0x0000000709700000, 0x0000000709700000, 0x0000000709800000|  0%| F|  |TAMS 0x0000000709700000, 0x0000000709700000| Untracked 
| 126|0x0000000709800000, 0x0000000709800000, 0x0000000709900000|  0%| F|  |TAMS 0x0000000709800000, 0x0000000709800000| Untracked 
| 127|0x0000000709900000, 0x0000000709900000, 0x0000000709a00000|  0%| F|  |TAMS 0x0000000709900000, 0x0000000709900000| Untracked 
| 128|0x0000000709a00000, 0x0000000709a00000, 0x0000000709b00000|  0%| F|  |TAMS 0x0000000709a00000, 0x0000000709a00000| Untracked 
| 129|0x0000000709b00000, 0x0000000709b00000, 0x0000000709c00000|  0%| F|  |TAMS 0x0000000709b00000, 0x0000000709b00000| Untracked 
| 130|0x0000000709c00000, 0x0000000709c00000, 0x0000000709d00000|  0%| F|  |TAMS 0x0000000709c00000, 0x0000000709c00000| Untracked 
| 131|0x0000000709d00000, 0x0000000709d00000, 0x0000000709e00000|  0%| F|  |TAMS 0x0000000709d00000, 0x0000000709d00000| Untracked 
| 132|0x0000000709e00000, 0x0000000709e00000, 0x0000000709f00000|  0%| F|  |TAMS 0x0000000709e00000, 0x0000000709e00000| Untracked 
| 133|0x0000000709f00000, 0x0000000709f00000, 0x000000070a000000|  0%| F|  |TAMS 0x0000000709f00000, 0x0000000709f00000| Untracked 
| 134|0x000000070a000000, 0x000000070a000000, 0x000000070a100000|  0%| F|  |TAMS 0x000000070a000000, 0x000000070a000000| Untracked 
| 135|0x000000070a100000, 0x000000070a100000, 0x000000070a200000|  0%| F|  |TAMS 0x000000070a100000, 0x000000070a100000| Untracked 
| 136|0x000000070a200000, 0x000000070a200000, 0x000000070a300000|  0%| F|  |TAMS 0x000000070a200000, 0x000000070a200000| Untracked 
| 137|0x000000070a300000, 0x000000070a300000, 0x000000070a400000|  0%| F|  |TAMS 0x000000070a300000, 0x000000070a300000| Untracked 
| 138|0x000000070a400000, 0x000000070a400000, 0x000000070a500000|  0%| F|  |TAMS 0x000000070a400000, 0x000000070a400000| Untracked 
| 139|0x000000070a500000, 0x000000070a500000, 0x000000070a600000|  0%| F|  |TAMS 0x000000070a500000, 0x000000070a500000| Untracked 
| 140|0x000000070a600000, 0x000000070a600000, 0x000000070a700000|  0%| F|  |TAMS 0x000000070a600000, 0x000000070a600000| Untracked 
| 141|0x000000070a700000, 0x000000070a700000, 0x000000070a800000|  0%| F|  |TAMS 0x000000070a700000, 0x000000070a700000| Untracked 
| 142|0x000000070a800000, 0x000000070a800000, 0x000000070a900000|  0%| F|  |TAMS 0x000000070a800000, 0x000000070a800000| Untracked 
| 143|0x000000070a900000, 0x000000070a900000, 0x000000070aa00000|  0%| F|  |TAMS 0x000000070a900000, 0x000000070a900000| Untracked 
| 144|0x000000070aa00000, 0x000000070aa00000, 0x000000070ab00000|  0%| F|  |TAMS 0x000000070aa00000, 0x000000070aa00000| Untracked 
| 145|0x000000070ab00000, 0x000000070ab00000, 0x000000070ac00000|  0%| F|  |TAMS 0x000000070ab00000, 0x000000070ab00000| Untracked 
| 146|0x000000070ac00000, 0x000000070ac00000, 0x000000070ad00000|  0%| F|  |TAMS 0x000000070ac00000, 0x000000070ac00000| Untracked 
| 147|0x000000070ad00000, 0x000000070ad00000, 0x000000070ae00000|  0%| F|  |TAMS 0x000000070ad00000, 0x000000070ad00000| Untracked 
| 148|0x000000070ae00000, 0x000000070ae00000, 0x000000070af00000|  0%| F|  |TAMS 0x000000070ae00000, 0x000000070ae00000| Untracked 
| 149|0x000000070af00000, 0x000000070af00000, 0x000000070b000000|  0%| F|  |TAMS 0x000000070af00000, 0x000000070af00000| Untracked 
| 150|0x000000070b000000, 0x000000070b000000, 0x000000070b100000|  0%| F|  |TAMS 0x000000070b000000, 0x000000070b000000| Untracked 
| 151|0x000000070b100000, 0x000000070b100000, 0x000000070b200000|  0%| F|  |TAMS 0x000000070b100000, 0x000000070b100000| Untracked 
| 152|0x000000070b200000, 0x000000070b200000, 0x000000070b300000|  0%| F|  |TAMS 0x000000070b200000, 0x000000070b200000| Untracked 
| 153|0x000000070b300000, 0x000000070b300000, 0x000000070b400000|  0%| F|  |TAMS 0x000000070b300000, 0x000000070b300000| Untracked 
| 154|0x000000070b400000, 0x000000070b400000, 0x000000070b500000|  0%| F|  |TAMS 0x000000070b400000, 0x000000070b400000| Untracked 
| 155|0x000000070b500000, 0x000000070b500000, 0x000000070b600000|  0%| F|  |TAMS 0x000000070b500000, 0x000000070b500000| Untracked 
| 156|0x000000070b600000, 0x000000070b600000, 0x000000070b700000|  0%| F|  |TAMS 0x000000070b600000, 0x000000070b600000| Untracked 
| 157|0x000000070b700000, 0x000000070b700000, 0x000000070b800000|  0%| F|  |TAMS 0x000000070b700000, 0x000000070b700000| Untracked 
| 158|0x000000070b800000, 0x000000070b800000, 0x000000070b900000|  0%| F|  |TAMS 0x000000070b800000, 0x000000070b800000| Untracked 
| 159|0x000000070b900000, 0x000000070b900000, 0x000000070ba00000|  0%| F|  |TAMS 0x000000070b900000, 0x000000070b900000| Untracked 
| 160|0x000000070ba00000, 0x000000070ba00000, 0x000000070bb00000|  0%| F|  |TAMS 0x000000070ba00000, 0x000000070ba00000| Untracked 
| 161|0x000000070bb00000, 0x000000070bb00000, 0x000000070bc00000|  0%| F|  |TAMS 0x000000070bb00000, 0x000000070bb00000| Untracked 
| 162|0x000000070bc00000, 0x000000070bc00000, 0x000000070bd00000|  0%| F|  |TAMS 0x000000070bc00000, 0x000000070bc00000| Untracked 
| 163|0x000000070bd00000, 0x000000070bd00000, 0x000000070be00000|  0%| F|  |TAMS 0x000000070bd00000, 0x000000070bd00000| Untracked 
| 164|0x000000070be00000, 0x000000070be00000, 0x000000070bf00000|  0%| F|  |TAMS 0x000000070be00000, 0x000000070be00000| Untracked 
| 165|0x000000070bf00000, 0x000000070bf00000, 0x000000070c000000|  0%| F|  |TAMS 0x000000070bf00000, 0x000000070bf00000| Untracked 
| 166|0x000000070c000000, 0x000000070c000000, 0x000000070c100000|  0%| F|  |TAMS 0x000000070c000000, 0x000000070c000000| Untracked 
| 167|0x000000070c100000, 0x000000070c100000, 0x000000070c200000|  0%| F|  |TAMS 0x000000070c100000, 0x000000070c100000| Untracked 
| 168|0x000000070c200000, 0x000000070c200000, 0x000000070c300000|  0%| F|  |TAMS 0x000000070c200000, 0x000000070c200000| Untracked 
| 169|0x000000070c300000, 0x000000070c300000, 0x000000070c400000|  0%| F|  |TAMS 0x000000070c300000, 0x000000070c300000| Untracked 
| 170|0x000000070c400000, 0x000000070c400000, 0x000000070c500000|  0%| F|  |TAMS 0x000000070c400000, 0x000000070c400000| Untracked 
| 171|0x000000070c500000, 0x000000070c500000, 0x000000070c600000|  0%| F|  |TAMS 0x000000070c500000, 0x000000070c500000| Untracked 
| 172|0x000000070c600000, 0x000000070c600000, 0x000000070c700000|  0%| F|  |TAMS 0x000000070c600000, 0x000000070c600000| Untracked 
| 173|0x000000070c700000, 0x000000070c700000, 0x000000070c800000|  0%| F|  |TAMS 0x000000070c700000, 0x000000070c700000| Untracked 
| 174|0x000000070c800000, 0x000000070c800000, 0x000000070c900000|  0%| F|  |TAMS 0x000000070c800000, 0x000000070c800000| Untracked 
| 175|0x000000070c900000, 0x000000070c979930, 0x000000070ca00000| 47%| S|  |TAMS 0x000000070c900000, 0x000000070c900000| Complete 
| 176|0x000000070ca00000, 0x000000070cb00000, 0x000000070cb00000|100%| S|  |TAMS 0x000000070ca00000, 0x000000070ca00000| Complete 
| 177|0x000000070cb00000, 0x000000070cc00000, 0x000000070cc00000|100%| S|  |TAMS 0x000000070cb00000, 0x000000070cb00000| Complete 
| 178|0x000000070cc00000, 0x000000070cd00000, 0x000000070cd00000|100%| S|  |TAMS 0x000000070cc00000, 0x000000070cc00000| Complete 
| 179|0x000000070cd00000, 0x000000070ce00000, 0x000000070ce00000|100%| S|  |TAMS 0x000000070cd00000, 0x000000070cd00000| Complete 
| 180|0x000000070ce00000, 0x000000070cf00000, 0x000000070cf00000|100%| S|  |TAMS 0x000000070ce00000, 0x000000070ce00000| Complete 
| 181|0x000000070cf00000, 0x000000070d000000, 0x000000070d000000|100%| E|CS|TAMS 0x000000070cf00000, 0x000000070cf00000| Complete 
| 182|0x000000070d000000, 0x000000070d100000, 0x000000070d100000|100%| E|CS|TAMS 0x000000070d000000, 0x000000070d000000| Complete 
| 183|0x000000070d100000, 0x000000070d200000, 0x000000070d200000|100%| E|CS|TAMS 0x000000070d100000, 0x000000070d100000| Complete 
| 184|0x000000070d200000, 0x000000070d300000, 0x000000070d300000|100%| E|CS|TAMS 0x000000070d200000, 0x000000070d200000| Complete 
| 185|0x000000070d300000, 0x000000070d400000, 0x000000070d400000|100%| E|CS|TAMS 0x000000070d300000, 0x000000070d300000| Complete 
| 186|0x000000070d400000, 0x000000070d500000, 0x000000070d500000|100%| E|CS|TAMS 0x000000070d400000, 0x000000070d400000| Complete 
| 187|0x000000070d500000, 0x000000070d600000, 0x000000070d600000|100%| E|CS|TAMS 0x000000070d500000, 0x000000070d500000| Complete 
| 188|0x000000070d600000, 0x000000070d700000, 0x000000070d700000|100%| E|CS|TAMS 0x000000070d600000, 0x000000070d600000| Complete 
| 189|0x000000070d700000, 0x000000070d800000, 0x000000070d800000|100%| E|CS|TAMS 0x000000070d700000, 0x000000070d700000| Complete 
| 190|0x000000070d800000, 0x000000070d900000, 0x000000070d900000|100%| E|CS|TAMS 0x000000070d800000, 0x000000070d800000| Complete 
| 191|0x000000070d900000, 0x000000070da00000, 0x000000070da00000|100%| E|CS|TAMS 0x000000070d900000, 0x000000070d900000| Complete 
| 192|0x000000070da00000, 0x000000070da6ab60, 0x000000070db00000| 41%| E|CS|TAMS 0x000000070da00000, 0x000000070da00000| Complete 
| 193|0x000000070db00000, 0x000000070dc00000, 0x000000070dc00000|100%| E|CS|TAMS 0x000000070db00000, 0x000000070db00000| Complete 
| 194|0x000000070dc00000, 0x000000070dd00000, 0x000000070dd00000|100%| E|CS|TAMS 0x000000070dc00000, 0x000000070dc00000| Complete 
| 195|0x000000070dd00000, 0x000000070de00000, 0x000000070de00000|100%| E|CS|TAMS 0x000000070dd00000, 0x000000070dd00000| Complete 
| 196|0x000000070de00000, 0x000000070df00000, 0x000000070df00000|100%| E|CS|TAMS 0x000000070de00000, 0x000000070de00000| Complete 
| 197|0x000000070df00000, 0x000000070e000000, 0x000000070e000000|100%| E|CS|TAMS 0x000000070df00000, 0x000000070df00000| Complete 
| 198|0x000000070e000000, 0x000000070e100000, 0x000000070e100000|100%| E|CS|TAMS 0x000000070e000000, 0x000000070e000000| Complete 
| 199|0x000000070e100000, 0x000000070e200000, 0x000000070e200000|100%| E|CS|TAMS 0x000000070e100000, 0x000000070e100000| Complete 
| 200|0x000000070e200000, 0x000000070e300000, 0x000000070e300000|100%| E|CS|TAMS 0x000000070e200000, 0x000000070e200000| Complete 
| 201|0x000000070e300000, 0x000000070e400000, 0x000000070e400000|100%| E|CS|TAMS 0x000000070e300000, 0x000000070e300000| Complete 
| 202|0x000000070e400000, 0x000000070e500000, 0x000000070e500000|100%| E|CS|TAMS 0x000000070e400000, 0x000000070e400000| Complete 
| 203|0x000000070e500000, 0x000000070e600000, 0x000000070e600000|100%| E|CS|TAMS 0x000000070e500000, 0x000000070e500000| Complete 
| 204|0x000000070e600000, 0x000000070e700000, 0x000000070e700000|100%| E|CS|TAMS 0x000000070e600000, 0x000000070e600000| Complete 
| 205|0x000000070e700000, 0x000000070e800000, 0x000000070e800000|100%| E|CS|TAMS 0x000000070e700000, 0x000000070e700000| Complete 
| 206|0x000000070e800000, 0x000000070e900000, 0x000000070e900000|100%| E|CS|TAMS 0x000000070e800000, 0x000000070e800000| Complete 
| 207|0x000000070e900000, 0x000000070ea00000, 0x000000070ea00000|100%| E|CS|TAMS 0x000000070e900000, 0x000000070e900000| Complete 
| 208|0x000000070ea00000, 0x000000070eb00000, 0x000000070eb00000|100%| E|CS|TAMS 0x000000070ea00000, 0x000000070ea00000| Complete 
| 209|0x000000070eb00000, 0x000000070ec00000, 0x000000070ec00000|100%| E|CS|TAMS 0x000000070eb00000, 0x000000070eb00000| Complete 
| 210|0x000000070ec00000, 0x000000070ed00000, 0x000000070ed00000|100%| E|CS|TAMS 0x000000070ec00000, 0x000000070ec00000| Complete 
| 211|0x000000070ed00000, 0x000000070ee00000, 0x000000070ee00000|100%| E|CS|TAMS 0x000000070ed00000, 0x000000070ed00000| Complete 
| 212|0x000000070ee00000, 0x000000070ef00000, 0x000000070ef00000|100%| E|CS|TAMS 0x000000070ee00000, 0x000000070ee00000| Complete 
| 213|0x000000070ef00000, 0x000000070f000000, 0x000000070f000000|100%| E|CS|TAMS 0x000000070ef00000, 0x000000070ef00000| Complete 
| 214|0x000000070f000000, 0x000000070f100000, 0x000000070f100000|100%| E|CS|TAMS 0x000000070f000000, 0x000000070f000000| Complete 
| 215|0x000000070f100000, 0x000000070f200000, 0x000000070f200000|100%| E|CS|TAMS 0x000000070f100000, 0x000000070f100000| Complete 
| 216|0x000000070f200000, 0x000000070f300000, 0x000000070f300000|100%| E|CS|TAMS 0x000000070f200000, 0x000000070f200000| Complete 
| 217|0x000000070f300000, 0x000000070f400000, 0x000000070f400000|100%| E|CS|TAMS 0x000000070f300000, 0x000000070f300000| Complete 
| 218|0x000000070f400000, 0x000000070f500000, 0x000000070f500000|100%| E|CS|TAMS 0x000000070f400000, 0x000000070f400000| Complete 
| 219|0x000000070f500000, 0x000000070f600000, 0x000000070f600000|100%| E|CS|TAMS 0x000000070f500000, 0x000000070f500000| Complete 
| 220|0x000000070f600000, 0x000000070f700000, 0x000000070f700000|100%| E|CS|TAMS 0x000000070f600000, 0x000000070f600000| Complete 
| 221|0x000000070f700000, 0x000000070f800000, 0x000000070f800000|100%| E|CS|TAMS 0x000000070f700000, 0x000000070f700000| Complete 
| 222|0x000000070f800000, 0x000000070f900000, 0x000000070f900000|100%| E|CS|TAMS 0x000000070f800000, 0x000000070f800000| Complete 
| 223|0x000000070f900000, 0x000000070fa00000, 0x000000070fa00000|100%| E|CS|TAMS 0x000000070f900000, 0x000000070f900000| Complete 
| 224|0x000000070fa00000, 0x000000070fb00000, 0x000000070fb00000|100%| E|CS|TAMS 0x000000070fa00000, 0x000000070fa00000| Complete 
| 225|0x000000070fb00000, 0x000000070fc00000, 0x000000070fc00000|100%| E|CS|TAMS 0x000000070fb00000, 0x000000070fb00000| Complete 
| 226|0x000000070fc00000, 0x000000070fd00000, 0x000000070fd00000|100%| E|CS|TAMS 0x000000070fc00000, 0x000000070fc00000| Complete 
| 227|0x000000070fd00000, 0x000000070fe00000, 0x000000070fe00000|100%| E|CS|TAMS 0x000000070fd00000, 0x000000070fd00000| Complete 
| 228|0x000000070fe00000, 0x000000070ff00000, 0x000000070ff00000|100%| E|CS|TAMS 0x000000070fe00000, 0x000000070fe00000| Complete 
| 229|0x000000070ff00000, 0x0000000710000000, 0x0000000710000000|100%| E|CS|TAMS 0x000000070ff00000, 0x000000070ff00000| Complete 
| 230|0x0000000710000000, 0x0000000710100000, 0x0000000710100000|100%| E|CS|TAMS 0x0000000710000000, 0x0000000710000000| Complete 
| 231|0x0000000710100000, 0x0000000710200000, 0x0000000710200000|100%| E|CS|TAMS 0x0000000710100000, 0x0000000710100000| Complete 
| 232|0x0000000710200000, 0x0000000710300000, 0x0000000710300000|100%| E|CS|TAMS 0x0000000710200000, 0x0000000710200000| Complete 
| 233|0x0000000710300000, 0x0000000710400000, 0x0000000710400000|100%| E|CS|TAMS 0x0000000710300000, 0x0000000710300000| Complete 
| 234|0x0000000710400000, 0x0000000710500000, 0x0000000710500000|100%| E|CS|TAMS 0x0000000710400000, 0x0000000710400000| Complete 
| 235|0x0000000710500000, 0x0000000710600000, 0x0000000710600000|100%| E|CS|TAMS 0x0000000710500000, 0x0000000710500000| Complete 
| 236|0x0000000710600000, 0x0000000710700000, 0x0000000710700000|100%| E|CS|TAMS 0x0000000710600000, 0x0000000710600000| Complete 
| 237|0x0000000710700000, 0x0000000710800000, 0x0000000710800000|100%| E|CS|TAMS 0x0000000710700000, 0x0000000710700000| Complete 
| 238|0x0000000710800000, 0x0000000710900000, 0x0000000710900000|100%| E|CS|TAMS 0x0000000710800000, 0x0000000710800000| Complete 
| 239|0x0000000710900000, 0x0000000710a00000, 0x0000000710a00000|100%| E|CS|TAMS 0x0000000710900000, 0x0000000710900000| Complete 
| 240|0x0000000710a00000, 0x0000000710b00000, 0x0000000710b00000|100%| E|CS|TAMS 0x0000000710a00000, 0x0000000710a00000| Complete 
| 241|0x0000000710b00000, 0x0000000710c00000, 0x0000000710c00000|100%| E|CS|TAMS 0x0000000710b00000, 0x0000000710b00000| Complete 
| 242|0x0000000710c00000, 0x0000000710d00000, 0x0000000710d00000|100%| E|CS|TAMS 0x0000000710c00000, 0x0000000710c00000| Complete 
| 243|0x0000000710d00000, 0x0000000710e00000, 0x0000000710e00000|100%| E|CS|TAMS 0x0000000710d00000, 0x0000000710d00000| Complete 
| 244|0x0000000710e00000, 0x0000000710f00000, 0x0000000710f00000|100%| E|CS|TAMS 0x0000000710e00000, 0x0000000710e00000| Complete 
| 245|0x0000000710f00000, 0x0000000711000000, 0x0000000711000000|100%| E|CS|TAMS 0x0000000710f00000, 0x0000000710f00000| Complete 
| 246|0x0000000711000000, 0x0000000711100000, 0x0000000711100000|100%| E|CS|TAMS 0x0000000711000000, 0x0000000711000000| Complete 
| 247|0x0000000711100000, 0x0000000711200000, 0x0000000711200000|100%| E|CS|TAMS 0x0000000711100000, 0x0000000711100000| Complete 
| 248|0x0000000711200000, 0x0000000711300000, 0x0000000711300000|100%| E|CS|TAMS 0x0000000711200000, 0x0000000711200000| Complete 
| 249|0x0000000711300000, 0x0000000711400000, 0x0000000711400000|100%| E|CS|TAMS 0x0000000711300000, 0x0000000711300000| Complete 
| 250|0x0000000711400000, 0x0000000711500000, 0x0000000711500000|100%| E|CS|TAMS 0x0000000711400000, 0x0000000711400000| Complete 
| 251|0x0000000711500000, 0x0000000711600000, 0x0000000711600000|100%| E|CS|TAMS 0x0000000711500000, 0x0000000711500000| Complete 
| 252|0x0000000711600000, 0x0000000711700000, 0x0000000711700000|100%| E|CS|TAMS 0x0000000711600000, 0x0000000711600000| Complete 
| 253|0x0000000711700000, 0x0000000711800000, 0x0000000711800000|100%| E|CS|TAMS 0x0000000711700000, 0x0000000711700000| Complete 
| 254|0x0000000711800000, 0x0000000711900000, 0x0000000711900000|100%| E|CS|TAMS 0x0000000711800000, 0x0000000711800000| Complete 
| 255|0x0000000711900000, 0x0000000711a00000, 0x0000000711a00000|100%| E|CS|TAMS 0x0000000711900000, 0x0000000711900000| Complete 

Card table byte_map: [0x000001a36fa60000,0x000001a370260000] _byte_map_base: 0x000001a36c253000

Marking Bits (Prev, Next): (CMBitMap*) 0x000001a35762ddd0, (CMBitMap*) 0x000001a35762dd98
 Prev Bits: [0x000001a374a00000, 0x000001a378998000)
 Next Bits: [0x000001a370a60000, 0x000001a3749f8000)

Polling page: 0x000001a355560000

Metaspace:

Usage:
  Non-class:     27.52 MB capacity,    27.02 MB ( 98%) used,   424.13 KB (  2%) free+waste,    87.13 KB ( <1%) overhead. 
      Class:      3.99 MB capacity,     3.69 MB ( 92%) used,   269.40 KB (  7%) free+waste,    42.81 KB (  1%) overhead. 
       Both:     31.51 MB capacity,    30.71 MB ( 97%) used,   693.52 KB (  2%) free+waste,   129.94 KB ( <1%) overhead. 

Virtual space:
  Non-class space:       28.00 MB reserved,      27.67 MB ( 99%) committed 
      Class space:        1.00 GB reserved,       4.00 MB ( <1%) committed 
             Both:        1.03 GB reserved,      31.67 MB (  3%) committed 

Chunk freelists:
   Non-Class:  3.00 KB
       Class:  1.13 KB
        Both:  4.13 KB

CodeHeap 'non-profiled nmethods': size=233856Kb used=4855Kb max_used=4855Kb free=229000Kb
 bounds [0x000001a360570000, 0x000001a360a30000, 0x000001a36e9d0000]
CodeHeap 'non-nmethods': size=11904Kb used=1156Kb max_used=1156Kb free=10747Kb
 bounds [0x000001a35f9d0000, 0x000001a35fc40000, 0x000001a360570000]
 total_blobs=3552 nmethods=3081 adapters=396
 compilation: enabled
              stopped_count=0, restarted_count=0
 full_count=0

Compilation events (10 events):
Event: 1.047 Thread 0x000001a37c3fe000 nmethod 3092 0x000001a360a2c210 code [0x000001a360a2c3c0, 0x000001a360a2c540]
Event: 1.047 Thread 0x000001a37c3fe000 3093       1       org.springframework.core.ResolvableType::resolve (16 bytes)
Event: 1.047 Thread 0x000001a37c3fe000 nmethod 3093 0x000001a360a2c610 code [0x000001a360a2c7a0, 0x000001a360a2c8d8]
Event: 1.047 Thread 0x000001a37c3fe000 3094       1       org.springframework.core.ResolvableType::resolveType (151 bytes)
Event: 1.048 Thread 0x000001a37c3fe000 nmethod 3094 0x000001a360a2c990 code [0x000001a360a2cbe0, 0x000001a360a2d2a0]
Event: 1.048 Thread 0x000001a37c3fe000 3098       1       org.springframework.core.ResolvableType::toClass (7 bytes)
Event: 1.048 Thread 0x000001a37c3fe000 nmethod 3098 0x000001a360a2d510 code [0x000001a360a2d6a0, 0x000001a360a2d7d8]
Event: 1.048 Thread 0x000001a37c3fe000 3099       1       org.springframework.core.ResolvableType::<init> (47 bytes)
Event: 1.048 Thread 0x000001a37c3fe000 nmethod 3099 0x000001a360a2d890 code [0x000001a360a2da40, 0x000001a360a2dcf8]
Event: 1.048 Thread 0x000001a37c3fe000 3096       1       org.springframework.core.ResolvableType$WildcardBounds::get (134 bytes)

GC Heap History (7 events):
Event: 0.475 GC heap before
{Heap before GC invocations=0 (full 0):
 garbage-first heap   total 262144K, used 24576K [0x0000000701a00000, 0x0000000800000000)
  region size 1024K, 24 young (24576K), 0 survivors (0K)
 Metaspace       used 13805K, capacity 14184K, committed 14464K, reserved 1062912K
  class space    used 1453K, capacity 1583K, committed 1664K, reserved 1048576K
}
Event: 0.478 GC heap after
{Heap after GC invocations=1 (full 0):
 garbage-first heap   total 262144K, used 8488K [0x0000000701a00000, 0x0000000800000000)
  region size 1024K, 3 young (3072K), 3 survivors (3072K)
 Metaspace       used 13805K, capacity 14184K, committed 14464K, reserved 1062912K
  class space    used 1453K, capacity 1583K, committed 1664K, reserved 1048576K
}
Event: 0.646 GC heap before
{Heap before GC invocations=1 (full 0):
 garbage-first heap   total 262144K, used 54568K [0x0000000701a00000, 0x0000000800000000)
  region size 1024K, 49 young (50176K), 3 survivors (3072K)
 Metaspace       used 20681K, capacity 21195K, committed 21296K, reserved 1069056K
  class space    used 2472K, capacity 2673K, committed 2688K, reserved 1048576K
}
Event: 0.649 GC heap after
{Heap after GC invocations=2 (full 0):
 garbage-first heap   total 262144K, used 10505K [0x0000000701a00000, 0x0000000800000000)
  region size 1024K, 5 young (5120K), 5 survivors (5120K)
 Metaspace       used 20681K, capacity 21195K, committed 21296K, reserved 1069056K
  class space    used 2472K, capacity 2673K, committed 2688K, reserved 1048576K
}
Event: 0.869 GC heap before
{Heap before GC invocations=3 (full 0):
 garbage-first heap   total 262144K, used 63753K [0x0000000701a00000, 0x0000000800000000)
  region size 1024K, 58 young (59392K), 5 survivors (5120K)
 Metaspace       used 29190K, capacity 30009K, committed 30128K, reserved 1075200K
  class space    used 3481K, capacity 3808K, committed 3840K, reserved 1048576K
}
Event: 0.873 GC heap after
{Heap after GC invocations=4 (full 0):
 garbage-first heap   total 262144K, used 14210K [0x0000000701a00000, 0x0000000800000000)
  region size 1024K, 6 young (6144K), 6 survivors (6144K)
 Metaspace       used 29190K, capacity 30009K, committed 30128K, reserved 1075200K
  class space    used 3481K, capacity 3808K, committed 3840K, reserved 1048576K
}
Event: 1.048 GC heap before
{Heap before GC invocations=4 (full 0):
 garbage-first heap   total 262144K, used 83842K [0x0000000701a00000, 0x0000000800000000)
  region size 1024K, 75 young (76800K), 6 survivors (6144K)
 Metaspace       used 31447K, capacity 32271K, committed 32432K, reserved 1077248K
  class space    used 3774K, capacity 4087K, committed 4096K, reserved 1048576K
}

Deoptimization events (0 events):
No events

Classes redefined (0 events):
No events

Internal exceptions (10 events):
Event: 0.805 Thread 0x000001a3575ca000 Exception <a 'java/lang/ClassNotFoundException'{0x000000070f157430}: org/springframework/core/PriorityOrderedCustomizer> (0x000000070f157430) thrown at [./open/src/hotspot/share/classfile/systemDictionary.cpp, line 228]
Event: 0.805 Thread 0x000001a3575ca000 Exception <a 'java/lang/ClassNotFoundException'{0x000000070f167858}: org/springframework/core/OrderedCustomizer> (0x000000070f167858) thrown at [./open/src/hotspot/share/classfile/systemDictionary.cpp, line 228]
Event: 0.805 Thread 0x000001a3575ca000 Exception <a 'java/lang/ClassNotFoundException'{0x000000070f17abb8}: org/springframework/context/ResourceLoaderAwareCustomizer> (0x000000070f17abb8) thrown at [./open/src/hotspot/share/classfile/systemDictionary.cpp, line 228]
Event: 0.806 Thread 0x000001a3575ca000 Exception <a 'java/lang/ClassNotFoundException'{0x000000070f18d290}: org/springframework/beans/factory/AwareCustomizer> (0x000000070f18d290) thrown at [./open/src/hotspot/share/classfile/systemDictionary.cpp, line 228]
Event: 0.806 Thread 0x000001a3575ca000 Exception <a 'java/lang/ClassNotFoundException'{0x000000070f1a0bc8}: org/springframework/beans/factory/BeanClassLoaderAwareCustomizer> (0x000000070f1a0bc8) thrown at [./open/src/hotspot/share/classfile/systemDictionary.cpp, line 228]
Event: 0.806 Thread 0x000001a3575ca000 Exception <a 'java/lang/ClassNotFoundException'{0x000000070f1b3058}: org/springframework/beans/factory/AwareCustomizer> (0x000000070f1b3058) thrown at [./open/src/hotspot/share/classfile/systemDictionary.cpp, line 228]
Event: 0.806 Thread 0x000001a3575ca000 Exception <a 'java/lang/ClassNotFoundException'{0x000000070f1c5290}: org/springframework/context/EnvironmentAwareCustomizer> (0x000000070f1c5290) thrown at [./open/src/hotspot/share/classfile/systemDictionary.cpp, line 228]
Event: 0.807 Thread 0x000001a3575ca000 Exception <a 'java/lang/ClassNotFoundException'{0x000000070f1d7670}: org/springframework/beans/factory/AwareCustomizer> (0x000000070f1d7670) thrown at [./open/src/hotspot/share/classfile/systemDictionary.cpp, line 228]
Event: 0.893 Thread 0x000001a3575ca000 Exception <a 'java/lang/IncompatibleClassChangeError'{0x000000070f5b2d20}: Found class java.lang.Object, but interface was expected> (0x000000070f5b2d20) thrown at [./open/src/hotspot/share/interpreter/linkResolver.cpp, line 838]
Event: 0.902 Thread 0x000001a3575ca000 Exception <a 'java/lang/NoSuchMethodError'{0x000000070f30b908}: java.lang.invoke.DirectMethodHandle$Holder.invokeInterface(Ljava/lang/Object;Ljava/lang/Object;Ljava/lang/Object;Ljava/lang/Object;)V> (0x000000070f30b908) thrown at [./open/src/hotspot/share

Events (10 events):
Event: 1.045 loading class org/springframework/web/servlet/config/annotation/ResourceHandlerRegistration done
Event: 1.046 loading class org/springframework/web/servlet/view/BeanNameViewResolver
Event: 1.046 loading class org/springframework/web/servlet/view/BeanNameViewResolver done
Event: 1.046 loading class org/springframework/web/filter/RequestContextFilter
Event: 1.046 loading class org/springframework/web/filter/RequestContextFilter done
Event: 1.047 loading class org/springframework/web/context/request/RequestContextListener
Event: 1.047 loading class org/springframework/web/context/request/RequestContextListener done
Event: 1.047 loading class javax/servlet/ServletRequestListener
Event: 1.047 loading class javax/servlet/ServletRequestListener done
Event: 1.048 Executing VM operation: G1CollectForAllocation


Dynamic libraries:
0x00007ff63fa30000 - 0x00007ff63fa3f000 	C:\Program Files\Java\jdk-11.0.8\bin\java.exe
0x00007ffc81df0000 - 0x00007ffc81fe5000 	C:\WINDOWS\SYSTEM32\ntdll.dll
0x00007ffc804a0000 - 0x00007ffc8055d000 	C:\WINDOWS\System32\KERNEL32.DLL
0x00007ffc7f730000 - 0x00007ffc7f9f8000 	C:\WINDOWS\System32\KERNELBASE.dll
0x00007ffc7f630000 - 0x00007ffc7f730000 	C:\WINDOWS\System32\ucrtbase.dll
0x00007ffc73700000 - 0x00007ffc73715000 	C:\Program Files\Java\jdk-11.0.8\bin\VCRUNTIME140.dll
0x00007ffc77970000 - 0x00007ffc77988000 	C:\Program Files\Java\jdk-11.0.8\bin\jli.dll
0x00007ffc7fe50000 - 0x00007ffc7fefc000 	C:\WINDOWS\System32\ADVAPI32.dll
0x00007ffc80a80000 - 0x00007ffc80b1e000 	C:\WINDOWS\System32\msvcrt.dll
0x00007ffc800e0000 - 0x00007ffc8017b000 	C:\WINDOWS\System32\sechost.dll
0x00007ffc7ff60000 - 0x00007ffc8008b000 	C:\WINDOWS\System32\RPCRT4.dll
0x00007ffc810b0000 - 0x00007ffc81250000 	C:\WINDOWS\System32\USER32.dll
0x00007ffc7fb70000 - 0x00007ffc7fb92000 	C:\WINDOWS\System32\win32u.dll
0x00007ffc76930000 - 0x00007ffc76bca000 	C:\WINDOWS\WinSxS\amd64_microsoft.windows.common-controls_6595b64144ccf1df_6.0.19041.844_none_ca00b6081b84eb1d\COMCTL32.dll
0x00007ffc800b0000 - 0x00007ffc800da000 	C:\WINDOWS\System32\GDI32.dll
0x00007ffc7fa60000 - 0x00007ffc7fb6b000 	C:\WINDOWS\System32\gdi32full.dll
0x00007ffc7fc50000 - 0x00007ffc7fced000 	C:\WINDOWS\System32\msvcp_win.dll
0x00007ffc792d0000 - 0x00007ffc792da000 	C:\WINDOWS\SYSTEM32\VERSION.dll
0x00007ffc80630000 - 0x00007ffc80660000 	C:\WINDOWS\System32\IMM32.DLL
0x00007ffc4fec0000 - 0x00007ffc4ff5b000 	C:\Program Files\Java\jdk-11.0.8\bin\msvcp140.dll
0x00007ffc33280000 - 0x00007ffc33d66000 	C:\Program Files\Java\jdk-11.0.8\bin\server\jvm.dll
0x00007ffc80810000 - 0x00007ffc80818000 	C:\WINDOWS\System32\PSAPI.DLL
0x00007ffc69640000 - 0x00007ffc69649000 	C:\WINDOWS\SYSTEM32\WSOCK32.dll
0x00007ffc77d90000 - 0x00007ffc77db7000 	C:\WINDOWS\SYSTEM32\WINMM.dll
0x00007ffc80560000 - 0x00007ffc805cb000 	C:\WINDOWS\System32\WS2_32.dll
0x00007ffc7d4a0000 - 0x00007ffc7d4b2000 	C:\WINDOWS\SYSTEM32\kernel.appcore.dll
0x00007ffc7a850000 - 0x00007ffc7a860000 	C:\Program Files\Java\jdk-11.0.8\bin\verify.dll
0x00007ffc76fa0000 - 0x00007ffc77184000 	C:\WINDOWS\SYSTEM32\DBGHELP.DLL
0x00007ffc78690000 - 0x00007ffc786bc000 	C:\WINDOWS\SYSTEM32\dbgcore.DLL
0x00007ffc7f5b0000 - 0x00007ffc7f630000 	C:\WINDOWS\System32\bcryptPrimitives.dll
0x00007ffc6cdc0000 - 0x00007ffc6cde8000 	C:\Program Files\Java\jdk-11.0.8\bin\java.dll
0x00007ffc7a780000 - 0x00007ffc7a78a000 	C:\Program Files\Java\jdk-11.0.8\bin\jimage.dll
0x00007ffc792e0000 - 0x00007ffc792ee000 	C:\Program Files\Java\jdk-11.0.8\bin\instrument.dll
0x00007ffc736e0000 - 0x00007ffc736f6000 	C:\Program Files\Java\jdk-11.0.8\bin\zip.dll
0x00007ffc815b0000 - 0x00007ffc81cf2000 	C:\WINDOWS\System32\SHELL32.dll
0x00007ffc7d6a0000 - 0x00007ffc7de30000 	C:\WINDOWS\SYSTEM32\windows.storage.dll
0x00007ffc81250000 - 0x00007ffc815a5000 	C:\WINDOWS\System32\combase.dll
0x00007ffc7efa0000 - 0x00007ffc7efcc000 	C:\WINDOWS\SYSTEM32\Wldp.dll
0x00007ffc80310000 - 0x00007ffc803be000 	C:\WINDOWS\System32\SHCORE.dll
0x00007ffc80820000 - 0x00007ffc80875000 	C:\WINDOWS\System32\shlwapi.dll
0x00007ffc7f470000 - 0x00007ffc7f48f000 	C:\WINDOWS\SYSTEM32\profapi.dll
0x00007ffc6cda0000 - 0x00007ffc6cdb9000 	C:\Program Files\Java\jdk-11.0.8\bin\net.dll
0x00007ffc7a1c0000 - 0x00007ffc7a2cb000 	C:\WINDOWS\SYSTEM32\WINHTTP.dll
0x00007ffc7eca0000 - 0x00007ffc7ed0a000 	C:\WINDOWS\system32\mswsock.dll
0x00007ffc6cd80000 - 0x00007ffc6cd92000 	C:\Program Files\Java\jdk-11.0.8\bin\nio.dll
0x00007ffc62f20000 - 0x00007ffc62f3a000 	C:\Users\snate\AppData\Local\JetBrains\Toolbox\apps\IDEA-U\ch-0\211.7142.45\bin\breakgen64.dll
0x00007ffc7e970000 - 0x00007ffc7ea3c000 	C:\WINDOWS\SYSTEM32\DNSAPI.dll
0x00007ffc7e930000 - 0x00007ffc7e96b000 	C:\WINDOWS\SYSTEM32\IPHLPAPI.DLL
0x00007ffc80b20000 - 0x00007ffc80b28000 	C:\WINDOWS\System32\NSI.dll
0x000000006a1c0000 - 0x000000006a1f5000 	C:\Program Files\Bonjour\mdnsNSP.dll
0x00007ffc79830000 - 0x00007ffc7983a000 	C:\Windows\System32\rasadhlp.dll
0x00007ffc79140000 - 0x00007ffc791bf000 	C:\WINDOWS\System32\fwpuclnt.dll
0x00007ffc7f530000 - 0x00007ffc7f557000 	C:\WINDOWS\System32\bcrypt.dll
0x00007ffc78730000 - 0x00007ffc78739000 	C:\Program Files\Java\jdk-11.0.8\bin\management.dll
0x00007ffc76320000 - 0x00007ffc7632b000 	C:\Program Files\Java\jdk-11.0.8\bin\management_ext.dll
0x00007ffc7ee70000 - 0x00007ffc7ee88000 	C:\WINDOWS\SYSTEM32\CRYPTSP.dll
0x00007ffc7e5e0000 - 0x00007ffc7e614000 	C:\WINDOWS\system32\rsaenh.dll
0x00007ffc7f3f0000 - 0x00007ffc7f41e000 	C:\WINDOWS\SYSTEM32\USERENV.dll
0x00007ffc7ee90000 - 0x00007ffc7ee9c000 	C:\WINDOWS\SYSTEM32\CRYPTBASE.dll
0x00007ffc7a610000 - 0x00007ffc7a627000 	C:\WINDOWS\SYSTEM32\dhcpcsvc6.DLL
0x00007ffc7a6c0000 - 0x00007ffc7a6dd000 	C:\WINDOWS\SYSTEM32\dhcpcsvc.DLL
0x00007ffc756e0000 - 0x00007ffc756f7000 	C:\WINDOWS\system32\napinsp.dll
0x00007ffc739a0000 - 0x00007ffc739bb000 	C:\WINDOWS\system32\pnrpnsp.dll
0x00007ffc7a760000 - 0x00007ffc7a77d000 	C:\WINDOWS\system32\NLAapi.dll
0x00007ffc7a9b0000 - 0x00007ffc7a9c5000 	C:\WINDOWS\system32\wshbth.dll
0x00007ffc73110000 - 0x00007ffc73122000 	C:\WINDOWS\System32\winrnr.dll

dbghelp: loaded successfully - version: 4.0.5 - missing functions: none
symbol engine: initialized successfully - sym options: 0x614 - pdb path: .;C:\Program Files\Java\jdk-11.0.8\bin;C:\WINDOWS\SYSTEM32;C:\WINDOWS\WinSxS\amd64_microsoft.windows.common-controls_6595b64144ccf1df_6.0.19041.844_none_ca00b6081b84eb1d;C:\Program Files\Java\jdk-11.0.8\bin\server;C:\Users\snate\AppData\Local\JetBrains\Toolbox\apps\IDEA-U\ch-0\211.7142.45\bin;C:\Program Files\Bonjour

VM Arguments:
jvm_args: -XX:TieredStopAtLevel=1 -Xverify:none -Dspring.output.ansi.enabled=always -javaagent:C:\Users\snate\AppData\Local\JetBrains\Toolbox\apps\IDEA-U\ch-0\211.7142.45\lib\idea_rt.jar=49761:C:\Users\snate\AppData\Local\JetBrains\Toolbox\apps\IDEA-U\ch-0\211.7142.45\bin -Dcom.sun.management.jmxremote -Dspring.jmx.enabled=true -Dspring.liveBeansView.mbeanDomain -Dspring.application.admin.enabled=true -Dfile.encoding=UTF-8 
java_command: application.Kursach2Application
java_class_path (initial): C:\Users\snate\Desktop\Course\Kursach2\target\classes;C:\Users\snate\.m2\repository\org\springframework\boot\spring-boot-starter-data-jpa\2.2.2.RELEASE\spring-boot-starter-data-jpa-2.2.2.RELEASE.jar;C:\Users\snate\.m2\repository\org\springframework\boot\spring-boot-starter-aop\2.2.2.RELEASE\spring-boot-starter-aop-2.2.2.RELEASE.jar;C:\Users\snate\.m2\repository\org\aspectj\aspectjweaver\1.9.5\aspectjweaver-1.9.5.jar;C:\Users\snate\.m2\repository\org\springframework\boot\spring-boot-starter-jdbc\2.2.2.RELEASE\spring-boot-starter-jdbc-2.2.2.RELEASE.jar;C:\Users\snate\.m2\repository\com\zaxxer\HikariCP\3.4.1\HikariCP-3.4.1.jar;C:\Users\snate\.m2\repository\org\springframework\spring-jdbc\5.2.2.RELEASE\spring-jdbc-5.2.2.RELEASE.jar;C:\Users\snate\.m2\repository\jakarta\activation\jakarta.activation-api\1.2.1\jakarta.activation-api-1.2.1.jar;C:\Users\snate\.m2\repository\jakarta\persistence\jakarta.persistence-api\2.2.3\jakarta.persistence-api-2.2.3.jar;C:\Users\snate\.m2\repository\jakarta\transaction\jakarta.transaction-api\1.3.3\jakarta.transaction-api-1.3.3.jar;C:\Users\snate\.m2\repository\org\hibernate\hibernate-core\5.4.9.Final\hibernate-core-5.4.9.Final.jar;C:\Users\snate\.m2\repository\org\jboss\logging\jboss-logging\3.4.1.Final\jboss-logging-3.4.1.Final.jar;C:\Users\snate\.m2\repository\org\javassist\javassist\3.24.0-GA\javassist-3.24.0-GA.jar;C:\Users\snate\.m2\repository\net\bytebuddy\byte-buddy\1.10.4\byte-buddy-1.10.4.jar;C:\Users\snate\.m2\repository\antlr\antlr\2.7.7\antlr-2.7.7.jar;C:\Users\snate\.m2\repository\org\jboss\jandex\2.1.1.Final\jandex-2.1.1.Final.jar;C:\Users\snate\.m2\repository\com\fasterxml\classmate\1.5.1\classmate-1.5.1.jar;C:\Users\snate\.m2\repository\org\dom4j\dom4j\2.1.1\dom4j-2.1.1.jar;C:\Users\snate\.m2\repository\org\hibernate\common\hibernate-commons-annotations\5.1.0.Final\hibernate-commons-annotations-5.1.0.Final.jar;C:\Users\snate\.m2\repository\org\glassfish\jaxb\jaxb-runtime\2.3.2\jaxb-runtime-2.
Launcher Type: SUN_STANDARD

[Global flags]
     bool BytecodeVerificationLocal                = false                                     {product} {command line}
     bool BytecodeVerificationRemote               = false                                     {product} {command line}
     intx CICompilerCount                          = 12                                        {product} {ergonomic}
     uint ConcGCThreads                            = 3                                         {product} {ergonomic}
     uint G1ConcRefinementThreads                  = 13                                        {product} {ergonomic}
   size_t G1HeapRegionSize                         = 1048576                                   {product} {ergonomic}
    uintx GCDrainStackTargetSize                   = 64                                        {product} {ergonomic}
   size_t InitialHeapSize                          = 268435456                                 {product} {ergonomic}
     bool ManagementServer                         = true                                      {product} {command line}
   size_t MarkStackSize                            = 4194304                                   {product} {ergonomic}
   size_t MaxHeapSize                              = 4267704320                                {product} {ergonomic}
   size_t MaxNewSize                               = 2560622592                                {product} {ergonomic}
   size_t MinHeapDeltaBytes                        = 1048576                                   {product} {ergonomic}
    uintx NonNMethodCodeHeapSize                   = 12163472                               {pd product} {ergonomic}
    uintx NonProfiledCodeHeapSize                  = 239494768                              {pd product} {ergonomic}
    uintx ProfiledCodeHeapSize                     = 0                                      {pd product} {ergonomic}
    uintx ReservedCodeCacheSize                    = 251658240                              {pd product} {ergonomic}
     bool SegmentedCodeCache                       = true                                      {product} {ergonomic}
     intx TieredStopAtLevel                        = 1                                         {product} {command line}
     bool UseCompressedClassPointers               = true                                 {lp64_product} {ergonomic}
     bool UseCompressedOops                        = true                                 {lp64_product} {ergonomic}
     bool UseG1GC                                  = true                                      {product} {ergonomic}
     bool UseLargePagesIndividualAllocation        = false                                  {pd product} {ergonomic}

Logging:
Log output configuration:
 #0: stdout all=warning uptime,level,tags
 #1: stderr all=off uptime,level,tags

Environment Variables:
PATH=C:\Program Files\Common Files\Oracle\Java\javapath;C:\WINDOWS\system32;C:\WINDOWS;C:\WINDOWS\System32\Wbem;C:\WINDOWS\System32\WindowsPowerShell\v1.0\;C:\WINDOWS\System32\OpenSSH\;C:\Program Files\NVIDIA Corporation\NVIDIA NvDLISR;C:\Program Files (x86)\NVIDIA Corporation\PhysX\Common;C:\Program Files\Git\cmd;C:\Users\snate\AppData\Local\Microsoft\WindowsApps;C:\Users\snate\AppData\Local\GitHubDesktop\bin
USERNAME=snate
OS=Windows_NT
PROCESSOR_IDENTIFIER=Intel64 Family 6 Model 165 Stepping 5, GenuineIntel



---------------  S Y S T E M  ---------------

OS: Windows 10 , 64 bit Build 19041 (10.0.19041.928)

CPU:total 16 (initial active 16) (8 cores per cpu, 2 threads per core) family 6 model 165 stepping 5, cmov, cx8, fxsr, mmx, sse, sse2, sse3, ssse3, sse4.1, sse4.2, popcnt, avx, avx2, aes, clmul, erms, 3dnowpref, lzcnt, ht, tsc, tscinvbit, bmi1, bmi2, adx, fma

Memory: 4k page, system-wide physical 16276M (7177M free)
TotalPageFile size 18708M (AvailPageFile size 4902M)
current process WorkingSet (physical memory assigned to process): 175M, peak: 175M
current process commit charge ("private bytes"): 396M, peak: 396M

vm_info: Java HotSpot(TM) 64-Bit Server VM (11.0.8+10-LTS) for windows-amd64 JRE (11.0.8+10-LTS), built on Jun 16 2020 05:53:08 by "mach5one" with unknown MS VC++:1916

END.
